<?xml version="1.0" encoding="UTF-8"?>
<!-- Generated by org.testng.reporters.JUnitXMLReporter -->
<testsuite ignored="0" hostname="LAPTOP-QJ610DJG" failures="1" tests="1" name="Surefire test" time="1.804" errors="0" timestamp="2025-04-09T09:15:38 PDT">
  <testcase classname="com.automation.tests.LoginTest" name="LoginTestCase" time="0.024">
    <failure type="java.lang.NullPointerException" message="Cannot invoke &amp;quot;org.openqa.selenium.WebDriver.findElement(org.openqa.selenium.By)&amp;quot; because &amp;quot;driver&amp;quot; is null">
      <![CDATA[java.lang.NullPointerException: Cannot invoke "org.openqa.selenium.WebDriver.findElement(org.openqa.selenium.By)" because "driver" is null
at com.automation.pageObjects.HomePage.LoginLinkWebElement(HomePage.java:12)
at com.automation.tests.LoginTest.LoginTestCase(LoginTest.java:16)
at java.base/java.util.ArrayList.forEach(ArrayList.java:1511)
... Removed 32 stack frames]]>
    </failure>
  </testcase> <!-- LoginTestCase -->
</testsuite> <!-- Surefire test -->
