<?xml version="1.0" encoding="UTF-8"?>
<testng-results ignored="0" total="1" passed="1" failed="0" skipped="0">
  <reporter-output>
  </reporter-output>
  <suite started-at="2025-03-26T23:00:13 PDT" name="Surefire suite" finished-at="2025-03-26T23:00:23 PDT" duration-ms="9216">
    <groups>
    </groups>
    <test started-at="2025-03-26T23:00:13 PDT" name="Surefire test" finished-at="2025-03-26T23:00:23 PDT" duration-ms="9216">
      <class name="com.automation.tests.LoginTest">
        <test-method is-config="true" signature="launchBrowser()[pri:0, instance:com.automation.tests.LoginTest@5b38c1ec]" started-at="2025-03-26T23:00:15 PDT" name="launchBrowser" finished-at="2025-03-26T23:00:21 PDT" duration-ms="6230" status="PASS">
          <reporter-output>
          </reporter-output>
        </test-method> <!-- launchBrowser -->
        <test-method signature="LoginTestCase(java.lang.String,java.lang.String)[pri:0, instance:com.automation.tests.LoginTest@5b38c1ec]" started-at="2025-03-26T23:00:21 PDT" name="LoginTestCase" data-provider="TestData1" finished-at="2025-03-26T23:00:22 PDT" duration-ms="1082" status="PASS">
          <params>
            <param index="0">
              <value>
                <![CDATA[sidihas585@payposs.com]]>
              </value>
            </param>
            <param index="1">
              <value>
                <![CDATA[xXfymXarM33P]]>
              </value>
            </param>
          </params>
          <reporter-output>
          </reporter-output>
        </test-method> <!-- LoginTestCase -->
        <test-method is-config="true" signature="closeBrowser()[pri:0, instance:com.automation.tests.LoginTest@5b38c1ec]" started-at="2025-03-26T23:00:22 PDT" name="closeBrowser" finished-at="2025-03-26T23:00:23 PDT" duration-ms="629" status="PASS">
          <reporter-output>
          </reporter-output>
        </test-method> <!-- closeBrowser -->
      </class> <!-- com.automation.tests.LoginTest -->
    </test> <!-- Surefire test -->
  </suite> <!-- Surefire suite -->
</testng-results>
